build/app/intermediates/manifest_merge_blame_file/debug/manifest-merger-blame-debug-report.txt
1<?xml version="1.0" encoding="utf-8"?>
2<manifest xmlns:android="http://schemas.android.com/apk/res/android"
3    package="com.example.master"
4    android:versionCode="1"
5    android:versionName="1.0.0" >
6
7    <uses-sdk
8        android:minSdkVersion="19"
9        android:targetSdkVersion="30" />
10    <!--
11         Flutter needs it to communicate with the running application
12         to allow setting breakpoints, to provide hot reload, etc.
13    -->
14    <uses-permission android:name="android.permission.INTERNET" />
14-->src\debug\AndroidManifest.xml:6:5-66
14-->src\debug\AndroidManifest.xml:6:22-64
15    <uses-permission android:name="android.permission.WAKE_LOCK" />
15-->[:firebase_messaging] AndroidManifest.xml:8:5-68
15-->[:firebase_messaging] AndroidManifest.xml:8:22-65
16    <uses-permission android:name="android.permission.ACCESS_NETWORK_STATE" />
16-->[:firebase_messaging] AndroidManifest.xml:9:5-79
16-->[:firebase_messaging] AndroidManifest.xml:9:22-76
17
18    <queries>
18-->[:flutter_inappwebview] AndroidManifest.xml:7:5-11:15
19        <intent>
19-->[:flutter_inappwebview] AndroidManifest.xml:8:9-10:18
20            <action android:name="android.support.customtabs.action.CustomTabsService" />
20-->[:flutter_inappwebview] AndroidManifest.xml:9:13-90
20-->[:flutter_inappwebview] AndroidManifest.xml:9:21-87
21        </intent>
22    </queries>
23
24    <uses-permission android:name="android.permission.RECEIVE_BOOT_COMPLETED" />
24-->[:flutter_local_notifications] AndroidManifest.xml:7:5-81
24-->[:flutter_local_notifications] AndroidManifest.xml:7:22-78
25    <uses-permission android:name="android.permission.VIBRATE" />
25-->[:flutter_local_notifications] AndroidManifest.xml:8:5-66
25-->[:flutter_local_notifications] AndroidManifest.xml:8:22-63
26    <uses-permission android:name="android.permission.USE_FULL_SCREEN_INTENT" />
26-->[:flutter_local_notifications] AndroidManifest.xml:9:5-81
26-->[:flutter_local_notifications] AndroidManifest.xml:9:22-78
27    <uses-permission android:name="android.permission.SCHEDULE_EXACT_ALARM" /> <!-- Required by older versions of Google Play services to create IID tokens -->
27-->[:flutter_local_notifications] AndroidManifest.xml:10:5-79
27-->[:flutter_local_notifications] AndroidManifest.xml:10:22-76
28    <uses-permission android:name="com.google.android.c2dm.permission.RECEIVE" />
28-->[com.google.firebase:firebase-messaging:23.0.2] AndroidManifest.xml:28:5-82
28-->[com.google.firebase:firebase-messaging:23.0.2] AndroidManifest.xml:28:22-79
29    <uses-permission android:name="com.google.android.gms.permission.AD_ID" />
29-->[com.google.android.gms:play-services-measurement-api:20.1.1] AndroidManifest.xml:25:5-79
29-->[com.google.android.gms:play-services-measurement-api:20.1.1] AndroidManifest.xml:25:22-76
30    <uses-permission android:name="com.google.android.finsky.permission.BIND_GET_INSTALL_REFERRER_SERVICE" />
30-->[com.google.android.gms:play-services-measurement:20.1.1] AndroidManifest.xml:26:5-110
30-->[com.google.android.gms:play-services-measurement:20.1.1] AndroidManifest.xml:26:22-107
31
32    <application
32-->src\main\AndroidManifest.xml:3:4-40:19
33        android:name="androidx.multidex.MultiDexApplication"
34        android:appComponentFactory="androidx.core.app.CoreComponentFactory"
34-->[androidx.core:core:1.6.0] AndroidManifest.xml:24:18-86
35        android:debuggable="true"
36        android:icon="@mipmap/ic_launcher"
36-->src\main\AndroidManifest.xml:5:9-43
37        android:label="Elderly Healthcare" >
37-->src\main\AndroidManifest.xml:4:9-43
38        <activity
38-->src\main\AndroidManifest.xml:6:9-34:20
39            android:name="com.example.master.MainActivity"
39-->src\main\AndroidManifest.xml:7:13-41
40            android:configChanges="orientation|keyboardHidden|keyboard|screenSize|smallestScreenSize|locale|layoutDirection|fontScale|screenLayout|density|uiMode"
40-->src\main\AndroidManifest.xml:10:13-163
41            android:hardwareAccelerated="true"
41-->src\main\AndroidManifest.xml:11:13-47
42            android:launchMode="singleTop"
42-->src\main\AndroidManifest.xml:8:13-43
43            android:theme="@style/LaunchTheme"
43-->src\main\AndroidManifest.xml:9:13-47
44            android:windowSoftInputMode="adjustResize" >
44-->src\main\AndroidManifest.xml:12:13-55
45
46            <!--
47                 Specifies an Android theme to apply to this Activity as soon as
48                 the Android process has started. This theme is visible to the user
49                 while the Flutter UI initializes. After that, this theme continues
50                 to determine the Window background behind the Flutter UI.
51            -->
52            <meta-data
52-->src\main\AndroidManifest.xml:17:13-20:17
53                android:name="io.flutter.embedding.android.NormalTheme"
53-->src\main\AndroidManifest.xml:18:15-70
54                android:resource="@style/NormalTheme" />
54-->src\main\AndroidManifest.xml:19:15-52
55            <!--
56                 Displays an Android View that continues showing the launch screen
57                 Drawable until Flutter paints its first frame, then this splash
58                 screen fades out. A splash screen is useful to avoid any visual
59                 gap between the end of Android's launch screen and the painting of
60                 Flutter's first frame.
61            -->
62            <meta-data
62-->src\main\AndroidManifest.xml:26:13-29:17
63                android:name="io.flutter.embedding.android.SplashScreenDrawable"
63-->src\main\AndroidManifest.xml:27:15-79
64                android:resource="@drawable/launch_background" />
64-->src\main\AndroidManifest.xml:28:15-61
65
66            <intent-filter>
66-->src\main\AndroidManifest.xml:30:13-33:29
67                <action android:name="android.intent.action.MAIN" />
67-->src\main\AndroidManifest.xml:31:17-68
67-->src\main\AndroidManifest.xml:31:25-66
68
69                <category android:name="android.intent.category.LAUNCHER" />
69-->src\main\AndroidManifest.xml:32:17-76
69-->src\main\AndroidManifest.xml:32:27-74
70            </intent-filter>
71        </activity>
72        <!--
73             Don't delete the meta-data below.
74             This is used by the Flutter tool to generate GeneratedPluginRegistrant.java
75        -->
76        <meta-data
76-->src\main\AndroidManifest.xml:37:9-39:33
77            android:name="flutterEmbedding"
77-->src\main\AndroidManifest.xml:38:13-44
78            android:value="2" />
78-->src\main\AndroidManifest.xml:39:13-30
79
80        <service
80-->[:firebase_auth] AndroidManifest.xml:8:9-12:19
81            android:name="com.google.firebase.components.ComponentDiscoveryService"
81-->[:firebase_auth] AndroidManifest.xml:8:18-89
82            android:directBootAware="true"
82-->[com.google.firebase:firebase-common:20.1.0] AndroidManifest.xml:35:13-43
83            android:exported="false" >
83-->[com.google.firebase:firebase-messaging:23.0.2] AndroidManifest.xml:54:13-37
84            <meta-data
84-->[:firebase_auth] AndroidManifest.xml:9:13-11:85
85                android:name="com.google.firebase.components:io.flutter.plugins.firebase.auth.FlutterFirebaseAuthRegistrar"
85-->[:firebase_auth] AndroidManifest.xml:10:17-124
86                android:value="com.google.firebase.components.ComponentRegistrar" />
86-->[:firebase_auth] AndroidManifest.xml:11:17-82
87            <meta-data
87-->[:cloud_firestore] AndroidManifest.xml:9:13-11:85
88                android:name="com.google.firebase.components:io.flutter.plugins.firebase.firestore.FlutterFirebaseFirestoreRegistrar"
88-->[:cloud_firestore] AndroidManifest.xml:10:17-134
89                android:value="com.google.firebase.components.ComponentRegistrar" />
89-->[:cloud_firestore] AndroidManifest.xml:11:17-82
90            <meta-data
90-->[:firebase_messaging] AndroidManifest.xml:34:13-36:85
91                android:name="com.google.firebase.components:io.flutter.plugins.firebase.messaging.FlutterFirebaseAppRegistrar"
91-->[:firebase_messaging] AndroidManifest.xml:35:17-128
92                android:value="com.google.firebase.components.ComponentRegistrar" />
92-->[:firebase_messaging] AndroidManifest.xml:36:17-82
93            <meta-data
93-->[:firebase_core] AndroidManifest.xml:9:13-11:85
94                android:name="com.google.firebase.components:io.flutter.plugins.firebase.core.FlutterFirebaseCoreRegistrar"
94-->[:firebase_core] AndroidManifest.xml:10:17-124
95                android:value="com.google.firebase.components.ComponentRegistrar" />
95-->[:firebase_core] AndroidManifest.xml:11:17-82
96            <meta-data
96-->[com.google.firebase:firebase-messaging:23.0.2] AndroidManifest.xml:55:13-57:85
97                android:name="com.google.firebase.components:com.google.firebase.messaging.FirebaseMessagingRegistrar"
97-->[com.google.firebase:firebase-messaging:23.0.2] AndroidManifest.xml:56:17-119
98                android:value="com.google.firebase.components.ComponentRegistrar" />
98-->[com.google.firebase:firebase-messaging:23.0.2] AndroidManifest.xml:57:17-82
99            <meta-data
99-->[com.google.firebase:firebase-datatransport:18.1.1] AndroidManifest.xml:28:13-30:85
100                android:name="com.google.firebase.components:com.google.firebase.datatransport.TransportRegistrar"
100-->[com.google.firebase:firebase-datatransport:18.1.1] AndroidManifest.xml:29:17-115
101                android:value="com.google.firebase.components.ComponentRegistrar" />
101-->[com.google.firebase:firebase-datatransport:18.1.1] AndroidManifest.xml:30:17-82
102            <meta-data
102-->[com.google.firebase:firebase-auth:21.0.2] AndroidManifest.xml:67:13-69:85
103                android:name="com.google.firebase.components:com.google.firebase.auth.FirebaseAuthRegistrar"
103-->[com.google.firebase:firebase-auth:21.0.2] AndroidManifest.xml:68:17-109
104                android:value="com.google.firebase.components.ComponentRegistrar" />
104-->[com.google.firebase:firebase-auth:21.0.2] AndroidManifest.xml:69:17-82
105            <meta-data
105-->[com.google.firebase:firebase-firestore:24.0.2] AndroidManifest.xml:20:13-22:85
106                android:name="com.google.firebase.components:com.google.firebase.firestore.FirestoreRegistrar"
106-->[com.google.firebase:firebase-firestore:24.0.2] AndroidManifest.xml:21:17-111
107                android:value="com.google.firebase.components.ComponentRegistrar" />
107-->[com.google.firebase:firebase-firestore:24.0.2] AndroidManifest.xml:22:17-82
108            <meta-data
108-->[com.google.android.gms:play-services-measurement-api:20.1.1] AndroidManifest.xml:31:13-33:85
109                android:name="com.google.firebase.components:com.google.firebase.analytics.connector.internal.AnalyticsConnectorRegistrar"
109-->[com.google.android.gms:play-services-measurement-api:20.1.1] AndroidManifest.xml:32:17-139
110                android:value="com.google.firebase.components.ComponentRegistrar" />
110-->[com.google.android.gms:play-services-measurement-api:20.1.1] AndroidManifest.xml:33:17-82
111            <meta-data
111-->[com.google.firebase:firebase-installations:17.0.1] AndroidManifest.xml:18:13-20:85
112                android:name="com.google.firebase.components:com.google.firebase.installations.FirebaseInstallationsRegistrar"
112-->[com.google.firebase:firebase-installations:17.0.1] AndroidManifest.xml:19:17-127
113                android:value="com.google.firebase.components.ComponentRegistrar" />
113-->[com.google.firebase:firebase-installations:17.0.1] AndroidManifest.xml:20:17-82
114        </service>
115        <service
115-->[:firebase_messaging] AndroidManifest.xml:12:9-15:72
116            android:name="io.flutter.plugins.firebase.messaging.FlutterFirebaseMessagingBackgroundService"
116-->[:firebase_messaging] AndroidManifest.xml:13:13-107
117            android:exported="false"
117-->[:firebase_messaging] AndroidManifest.xml:14:13-37
118            android:permission="android.permission.BIND_JOB_SERVICE" />
118-->[:firebase_messaging] AndroidManifest.xml:15:13-69
119        <service
119-->[:firebase_messaging] AndroidManifest.xml:16:9-22:19
120            android:name="io.flutter.plugins.firebase.messaging.FlutterFirebaseMessagingService"
120-->[:firebase_messaging] AndroidManifest.xml:17:13-97
121            android:exported="false" >
121-->[:firebase_messaging] AndroidManifest.xml:18:13-37
122            <intent-filter>
122-->[:firebase_messaging] AndroidManifest.xml:19:13-21:29
123                <action android:name="com.google.firebase.MESSAGING_EVENT" />
123-->[:firebase_messaging] AndroidManifest.xml:20:17-78
123-->[:firebase_messaging] AndroidManifest.xml:20:25-75
124            </intent-filter>
125        </service>
126
127        <receiver
127-->[:firebase_messaging] AndroidManifest.xml:24:9-31:20
128            android:name="io.flutter.plugins.firebase.messaging.FlutterFirebaseMessagingReceiver"
128-->[:firebase_messaging] AndroidManifest.xml:25:13-98
129            android:exported="true"
129-->[:firebase_messaging] AndroidManifest.xml:26:13-36
130            android:permission="com.google.android.c2dm.permission.SEND" >
130-->[:firebase_messaging] AndroidManifest.xml:27:13-73
131            <intent-filter>
131-->[:firebase_messaging] AndroidManifest.xml:28:13-30:29
132                <action android:name="com.google.android.c2dm.intent.RECEIVE" />
132-->[:firebase_messaging] AndroidManifest.xml:29:17-81
132-->[:firebase_messaging] AndroidManifest.xml:29:25-78
133            </intent-filter>
134        </receiver>
135
136        <provider
136-->[:firebase_messaging] AndroidManifest.xml:39:9-43:38
137            android:name="io.flutter.plugins.firebase.messaging.FlutterFirebaseMessagingInitProvider"
137-->[:firebase_messaging] AndroidManifest.xml:40:13-102
138            android:authorities="com.example.master.flutterfirebasemessaginginitprovider"
138-->[:firebase_messaging] AndroidManifest.xml:41:13-88
139            android:exported="false"
139-->[:firebase_messaging] AndroidManifest.xml:42:13-37
140            android:initOrder="99" />
140-->[:firebase_messaging] AndroidManifest.xml:43:13-35
141
142        <activity
142-->[:flutter_inappwebview] AndroidManifest.xml:14:9-17:47
143            android:name="com.pichillilorenzo.flutter_inappwebview.in_app_browser.InAppBrowserActivity"
143-->[:flutter_inappwebview] AndroidManifest.xml:15:13-104
144            android:configChanges="orientation|keyboardHidden|keyboard|screenSize|locale|layoutDirection|fontScale|screenLayout|density"
144-->[:flutter_inappwebview] AndroidManifest.xml:16:13-137
145            android:theme="@style/AppTheme" />
145-->[:flutter_inappwebview] AndroidManifest.xml:17:13-44
146        <activity
146-->[:flutter_inappwebview] AndroidManifest.xml:18:9-20:55
147            android:name="com.pichillilorenzo.flutter_inappwebview.chrome_custom_tabs.ChromeCustomTabsActivity"
147-->[:flutter_inappwebview] AndroidManifest.xml:19:13-112
148            android:theme="@style/ThemeTransparent" />
148-->[:flutter_inappwebview] AndroidManifest.xml:20:13-52
149
150        <receiver android:name="com.pichillilorenzo.flutter_inappwebview.chrome_custom_tabs.ActionBroadcastReceiver" />
150-->[:flutter_inappwebview] AndroidManifest.xml:22:9-120
150-->[:flutter_inappwebview] AndroidManifest.xml:22:19-117
151
152        <meta-data
152-->[:flutter_inappwebview] AndroidManifest.xml:24:9-26:36
153            android:name="io.flutter.embedded_views_preview"
153-->[:flutter_inappwebview] AndroidManifest.xml:25:13-61
154            android:value="true" />
154-->[:flutter_inappwebview] AndroidManifest.xml:26:13-33
155
156        <receiver
156-->[:flutter_local_notifications] AndroidManifest.xml:13:9-15:40
157            android:name="com.dexterous.flutterlocalnotifications.ScheduledNotificationReceiver"
157-->[:flutter_local_notifications] AndroidManifest.xml:14:13-97
158            android:exported="false" />
158-->[:flutter_local_notifications] AndroidManifest.xml:15:13-37
159        <receiver
159-->[:flutter_local_notifications] AndroidManifest.xml:16:9-25:20
160            android:name="com.dexterous.flutterlocalnotifications.ScheduledNotificationBootReceiver"
160-->[:flutter_local_notifications] AndroidManifest.xml:17:13-101
161            android:exported="false" >
161-->[:flutter_local_notifications] AndroidManifest.xml:18:13-37
162            <intent-filter>
162-->[:flutter_local_notifications] AndroidManifest.xml:19:13-24:29
163                <action android:name="android.intent.action.BOOT_COMPLETED" />
163-->[:flutter_local_notifications] AndroidManifest.xml:20:17-79
163-->[:flutter_local_notifications] AndroidManifest.xml:20:25-76
164                <action android:name="android.intent.action.MY_PACKAGE_REPLACED" />
164-->[:flutter_local_notifications] AndroidManifest.xml:21:17-84
164-->[:flutter_local_notifications] AndroidManifest.xml:21:25-81
165                <action android:name="android.intent.action.QUICKBOOT_POWERON" />
165-->[:flutter_local_notifications] AndroidManifest.xml:22:17-82
165-->[:flutter_local_notifications] AndroidManifest.xml:22:25-79
166                <action android:name="com.htc.intent.action.QUICKBOOT_POWERON" />
166-->[:flutter_local_notifications] AndroidManifest.xml:23:17-82
166-->[:flutter_local_notifications] AndroidManifest.xml:23:25-79
167            </intent-filter>
168        </receiver>
169
170        <provider
170-->[:flutter_webview_plugin] AndroidManifest.xml:9:9-18:20
171            android:name="androidx.core.content.FileProvider"
171-->[:flutter_webview_plugin] AndroidManifest.xml:10:13-62
172            android:authorities="com.example.master.fileprovider"
172-->[:flutter_webview_plugin] AndroidManifest.xml:11:13-64
173            android:exported="false"
173-->[:flutter_webview_plugin] AndroidManifest.xml:12:13-37
174            android:grantUriPermissions="true" >
174-->[:flutter_webview_plugin] AndroidManifest.xml:13:13-47
175            <meta-data
175-->[:flutter_webview_plugin] AndroidManifest.xml:15:13-17:53
176                android:name="android.support.FILE_PROVIDER_PATHS"
176-->[:flutter_webview_plugin] AndroidManifest.xml:16:17-67
177                android:resource="@xml/filepaths" />
177-->[:flutter_webview_plugin] AndroidManifest.xml:17:17-50
178        </provider>
179
180        <uses-library
180-->[androidx.window:window:1.0.0-beta04] AndroidManifest.xml:25:9-27:40
181            android:name="androidx.window.extensions"
181-->[androidx.window:window:1.0.0-beta04] AndroidManifest.xml:26:13-54
182            android:required="false" />
182-->[androidx.window:window:1.0.0-beta04] AndroidManifest.xml:27:13-37
183        <uses-library
183-->[androidx.window:window:1.0.0-beta04] AndroidManifest.xml:28:9-30:40
184            android:name="androidx.window.sidecar"
184-->[androidx.window:window:1.0.0-beta04] AndroidManifest.xml:29:13-51
185            android:required="false" />
185-->[androidx.window:window:1.0.0-beta04] AndroidManifest.xml:30:13-37
186
187        <receiver
187-->[com.google.firebase:firebase-messaging:23.0.2] AndroidManifest.xml:31:9-38:20
188            android:name="com.google.firebase.iid.FirebaseInstanceIdReceiver"
188-->[com.google.firebase:firebase-messaging:23.0.2] AndroidManifest.xml:32:13-78
189            android:exported="true"
189-->[com.google.firebase:firebase-messaging:23.0.2] AndroidManifest.xml:33:13-36
190            android:permission="com.google.android.c2dm.permission.SEND" >
190-->[com.google.firebase:firebase-messaging:23.0.2] AndroidManifest.xml:34:13-73
191            <intent-filter>
191-->[:firebase_messaging] AndroidManifest.xml:28:13-30:29
192                <action android:name="com.google.android.c2dm.intent.RECEIVE" />
192-->[:firebase_messaging] AndroidManifest.xml:29:17-81
192-->[:firebase_messaging] AndroidManifest.xml:29:25-78
193            </intent-filter>
194        </receiver>
195        <!--
196             FirebaseMessagingService performs security checks at runtime,
197             but set to not exported to explicitly avoid allowing another app to call it.
198        -->
199        <service
199-->[com.google.firebase:firebase-messaging:23.0.2] AndroidManifest.xml:44:9-51:19
200            android:name="com.google.firebase.messaging.FirebaseMessagingService"
200-->[com.google.firebase:firebase-messaging:23.0.2] AndroidManifest.xml:45:13-82
201            android:directBootAware="true"
201-->[com.google.firebase:firebase-messaging:23.0.2] AndroidManifest.xml:46:13-43
202            android:exported="false" >
202-->[com.google.firebase:firebase-messaging:23.0.2] AndroidManifest.xml:47:13-37
203            <intent-filter android:priority="-500" >
203-->[:firebase_messaging] AndroidManifest.xml:19:13-21:29
204                <action android:name="com.google.firebase.MESSAGING_EVENT" />
204-->[:firebase_messaging] AndroidManifest.xml:20:17-78
204-->[:firebase_messaging] AndroidManifest.xml:20:25-75
205            </intent-filter>
206        </service>
207        <service
207-->[com.google.android.datatransport:transport-backend-cct:3.1.2] AndroidManifest.xml:29:9-35:19
208            android:name="com.google.android.datatransport.runtime.backends.TransportBackendDiscovery"
208-->[com.google.android.datatransport:transport-backend-cct:3.1.2] AndroidManifest.xml:30:13-103
209            android:exported="false" >
209-->[com.google.android.datatransport:transport-backend-cct:3.1.2] AndroidManifest.xml:31:13-37
210            <meta-data
210-->[com.google.android.datatransport:transport-backend-cct:3.1.2] AndroidManifest.xml:32:13-34:39
211                android:name="backend:com.google.android.datatransport.cct.CctBackendFactory"
211-->[com.google.android.datatransport:transport-backend-cct:3.1.2] AndroidManifest.xml:33:17-94
212                android:value="cct" />
212-->[com.google.android.datatransport:transport-backend-cct:3.1.2] AndroidManifest.xml:34:17-36
213        </service>
214        <service
214-->[com.google.android.datatransport:transport-runtime:3.1.2] AndroidManifest.xml:26:9-30:19
215            android:name="com.google.android.datatransport.runtime.scheduling.jobscheduling.JobInfoSchedulerService"
215-->[com.google.android.datatransport:transport-runtime:3.1.2] AndroidManifest.xml:27:13-117
216            android:exported="false"
216-->[com.google.android.datatransport:transport-runtime:3.1.2] AndroidManifest.xml:28:13-37
217            android:permission="android.permission.BIND_JOB_SERVICE" >
217-->[com.google.android.datatransport:transport-runtime:3.1.2] AndroidManifest.xml:29:13-69
218        </service>
219
220        <receiver
220-->[com.google.android.datatransport:transport-runtime:3.1.2] AndroidManifest.xml:32:9-34:40
221            android:name="com.google.android.datatransport.runtime.scheduling.jobscheduling.AlarmManagerSchedulerBroadcastReceiver"
221-->[com.google.android.datatransport:transport-runtime:3.1.2] AndroidManifest.xml:33:13-132
222            android:exported="false" />
222-->[com.google.android.datatransport:transport-runtime:3.1.2] AndroidManifest.xml:34:13-37
223
224        <activity
224-->[com.google.firebase:firebase-auth:21.0.2] AndroidManifest.xml:27:9-44:20
225            android:name="com.google.firebase.auth.internal.GenericIdpActivity"
225-->[com.google.firebase:firebase-auth:21.0.2] AndroidManifest.xml:28:13-80
226            android:excludeFromRecents="true"
226-->[com.google.firebase:firebase-auth:21.0.2] AndroidManifest.xml:29:13-46
227            android:exported="true"
227-->[com.google.firebase:firebase-auth:21.0.2] AndroidManifest.xml:30:13-36
228            android:launchMode="singleTask"
228-->[com.google.firebase:firebase-auth:21.0.2] AndroidManifest.xml:31:13-44
229            android:theme="@android:style/Theme.Translucent.NoTitleBar" >
229-->[com.google.firebase:firebase-auth:21.0.2] AndroidManifest.xml:32:13-72
230            <intent-filter>
230-->[com.google.firebase:firebase-auth:21.0.2] AndroidManifest.xml:33:13-43:29
231                <action android:name="android.intent.action.VIEW" />
231-->[com.google.firebase:firebase-auth:21.0.2] AndroidManifest.xml:34:17-69
231-->[com.google.firebase:firebase-auth:21.0.2] AndroidManifest.xml:34:25-66
232
233                <category android:name="android.intent.category.DEFAULT" />
233-->[com.google.firebase:firebase-auth:21.0.2] AndroidManifest.xml:36:17-76
233-->[com.google.firebase:firebase-auth:21.0.2] AndroidManifest.xml:36:27-73
234                <category android:name="android.intent.category.BROWSABLE" />
234-->[com.google.firebase:firebase-auth:21.0.2] AndroidManifest.xml:37:17-78
234-->[com.google.firebase:firebase-auth:21.0.2] AndroidManifest.xml:37:27-75
235
236                <data
236-->[com.google.firebase:firebase-auth:21.0.2] AndroidManifest.xml:39:17-42:51
237                    android:host="firebase.auth"
237-->[com.google.firebase:firebase-auth:21.0.2] AndroidManifest.xml:40:21-49
238                    android:path="/"
238-->[com.google.firebase:firebase-auth:21.0.2] AndroidManifest.xml:41:21-37
239                    android:scheme="genericidp" />
239-->[com.google.firebase:firebase-auth:21.0.2] AndroidManifest.xml:42:21-48
240            </intent-filter>
241        </activity>
242        <activity
242-->[com.google.firebase:firebase-auth:21.0.2] AndroidManifest.xml:45:9-62:20
243            android:name="com.google.firebase.auth.internal.RecaptchaActivity"
243-->[com.google.firebase:firebase-auth:21.0.2] AndroidManifest.xml:46:13-79
244            android:excludeFromRecents="true"
244-->[com.google.firebase:firebase-auth:21.0.2] AndroidManifest.xml:47:13-46
245            android:exported="true"
245-->[com.google.firebase:firebase-auth:21.0.2] AndroidManifest.xml:48:13-36
246            android:launchMode="singleTask"
246-->[com.google.firebase:firebase-auth:21.0.2] AndroidManifest.xml:49:13-44
247            android:theme="@android:style/Theme.Translucent.NoTitleBar" >
247-->[com.google.firebase:firebase-auth:21.0.2] AndroidManifest.xml:50:13-72
248            <intent-filter>
248-->[com.google.firebase:firebase-auth:21.0.2] AndroidManifest.xml:51:13-61:29
249                <action android:name="android.intent.action.VIEW" />
249-->[com.google.firebase:firebase-auth:21.0.2] AndroidManifest.xml:34:17-69
249-->[com.google.firebase:firebase-auth:21.0.2] AndroidManifest.xml:34:25-66
250
251                <category android:name="android.intent.category.DEFAULT" />
251-->[com.google.firebase:firebase-auth:21.0.2] AndroidManifest.xml:36:17-76
251-->[com.google.firebase:firebase-auth:21.0.2] AndroidManifest.xml:36:27-73
252                <category android:name="android.intent.category.BROWSABLE" />
252-->[com.google.firebase:firebase-auth:21.0.2] AndroidManifest.xml:37:17-78
252-->[com.google.firebase:firebase-auth:21.0.2] AndroidManifest.xml:37:27-75
253
254                <data
254-->[com.google.firebase:firebase-auth:21.0.2] AndroidManifest.xml:39:17-42:51
255                    android:host="firebase.auth"
255-->[com.google.firebase:firebase-auth:21.0.2] AndroidManifest.xml:40:21-49
256                    android:path="/"
256-->[com.google.firebase:firebase-auth:21.0.2] AndroidManifest.xml:41:21-37
257                    android:scheme="recaptcha" />
257-->[com.google.firebase:firebase-auth:21.0.2] AndroidManifest.xml:42:21-48
258            </intent-filter>
259        </activity>
260
261        <provider
261-->[com.google.firebase:firebase-common:20.1.0] AndroidManifest.xml:26:9-31:39
262            android:name="com.google.firebase.provider.FirebaseInitProvider"
262-->[com.google.firebase:firebase-common:20.1.0] AndroidManifest.xml:27:13-77
263            android:authorities="com.example.master.firebaseinitprovider"
263-->[com.google.firebase:firebase-common:20.1.0] AndroidManifest.xml:28:13-72
264            android:directBootAware="true"
264-->[com.google.firebase:firebase-common:20.1.0] AndroidManifest.xml:29:13-43
265            android:exported="false"
265-->[com.google.firebase:firebase-common:20.1.0] AndroidManifest.xml:30:13-37
266            android:initOrder="100" />
266-->[com.google.firebase:firebase-common:20.1.0] AndroidManifest.xml:31:13-36
267
268        <receiver
268-->[com.google.android.gms:play-services-measurement:20.1.1] AndroidManifest.xml:29:9-33:20
269            android:name="com.google.android.gms.measurement.AppMeasurementReceiver"
269-->[com.google.android.gms:play-services-measurement:20.1.1] AndroidManifest.xml:30:13-85
270            android:enabled="true"
270-->[com.google.android.gms:play-services-measurement:20.1.1] AndroidManifest.xml:31:13-35
271            android:exported="false" >
271-->[com.google.android.gms:play-services-measurement:20.1.1] AndroidManifest.xml:32:13-37
272        </receiver>
273
274        <service
274-->[com.google.android.gms:play-services-measurement:20.1.1] AndroidManifest.xml:35:9-38:40
275            android:name="com.google.android.gms.measurement.AppMeasurementService"
275-->[com.google.android.gms:play-services-measurement:20.1.1] AndroidManifest.xml:36:13-84
276            android:enabled="true"
276-->[com.google.android.gms:play-services-measurement:20.1.1] AndroidManifest.xml:37:13-35
277            android:exported="false" />
277-->[com.google.android.gms:play-services-measurement:20.1.1] AndroidManifest.xml:38:13-37
278        <service
278-->[com.google.android.gms:play-services-measurement:20.1.1] AndroidManifest.xml:39:9-43:72
279            android:name="com.google.android.gms.measurement.AppMeasurementJobService"
279-->[com.google.android.gms:play-services-measurement:20.1.1] AndroidManifest.xml:40:13-87
280            android:enabled="true"
280-->[com.google.android.gms:play-services-measurement:20.1.1] AndroidManifest.xml:41:13-35
281            android:exported="false"
281-->[com.google.android.gms:play-services-measurement:20.1.1] AndroidManifest.xml:42:13-37